Starting image refresh at Tue Sep 16 20:37:25 AEST 2025
✅ Success: /content/images/2016_postspermonth.png
✅ Success: /content/images/2017_postpermonth.png
✅ Success: /content/images/2017_sport.jpg
✅ Success: /content/images/2018_postpermonth.jpg
✅ Success: /content/images/2018_sport.jpg
✅ Success: /content/images/2018_talks_ug.jpg
✅ Success: /content/images/2019_books.jpg
✅ Success: /content/images/2019_strava.jpg
✅ Success: /content/images/2019_youtube_summary.jpg
✅ Success: /content/images/2021-microsoft-mvp-azure.jpg
✅ Success: /content/images/2021-strava-summary.jpg
✅ Success: /content/images/2021-youtube-summary.jpg
✅ Success: /content/images/2022/10/AWS-Lambda-Function-URLs-Auth.png
✅ Success: /content/images/2022/10/AWS-Lambda-Function-URLs.png
✅ Success: /content/images/2022/10/image-1.png
✅ Success: /content/images/2022/10/image-2.png
✅ Success: /content/images/2022/10/image-3.png
✅ Success: /content/images/2022/10/image-4.png
✅ Success: /content/images/2022/10/image-5.png
✅ Success: /content/images/2022/10/image.png
✅ Success: /content/images/2022/10/us.jpg
✅ Success: /content/images/2022/10/weigth_Before-and-After-1.jpg
✅ Success: /content/images/2022/10/weigth_Before-and-After.jpg
✅ Success: /content/images/2022/12/AWS-Lambda-Function-URLs-Auth.png
✅ Success: /content/images/2022/12/image-1.png
✅ Success: /content/images/2022/12/image-2.png
✅ Success: /content/images/2022/12/image-3.png
✅ Success: /content/images/2022/12/image.png
✅ Success: /content/images/2023/01/image-1.png
✅ Success: /content/images/2023/01/image.png
✅ Success: /content/images/2023/01/NServiceBus-on-AWS-SQS.png
✅ Success: /content/images/2023/02/DynamoDB-Querying-new.png
✅ Success: /content/images/2023/02/image.png
✅ Success: /content/images/2023/02/Lambda-Lifecycle-2.png
✅ Success: /content/images/2023/03/DynamoDB-Custom-Converters.png
✅ Success: /content/images/2023/03/DynamoDB-Pagination.png
✅ Success: /content/images/2023/03/DynamoDB-Projection-Expressions.png
✅ Success: /content/images/2023/03/image.png
✅ Success: /content/images/2023/04/DynamoDB-Condition-Expressions.png
✅ Success: /content/images/2023/04/image-1.png
✅ Success: /content/images/2023/04/image-2.png
✅ Success: /content/images/2023/04/image-6.png
✅ Success: /content/images/2023/04/image-8.png
✅ Success: /content/images/2023/04/image.png
✅ Success: /content/images/2023/04/NServiceBus-Events-on-AWS-SQS--1-.png
✅ Success: /content/images/2023/04/Rate-Exceeded.png
✅ Success: /content/images/2023/05/AWS-Lambda.png
✅ Success: /content/images/2023/05/DynamoDB-Optimistic-Locking.png
✅ Success: /content/images/2023/06/Amazon-DynamoDB.png
✅ Success: /content/images/2023/06/DynamoDB-GSI.png
✅ Success: /content/images/2023/06/DynamoDB-LSI.png
✅ Success: /content/images/2023/06/DynamoDB-UpdateItem-vs-Put.png
✅ Success: /content/images/2023/06/image-1.png
✅ Success: /content/images/2023/06/image-10.png
✅ Success: /content/images/2023/06/image-11.png
✅ Success: /content/images/2023/06/image-12.png
✅ Success: /content/images/2023/06/image-14.png
✅ Success: /content/images/2023/06/image-15.png
✅ Success: /content/images/2023/06/image-16.png
✅ Success: /content/images/2023/06/image-2.png
✅ Success: /content/images/2023/06/image-3.png
✅ Success: /content/images/2023/06/image-4.png
✅ Success: /content/images/2023/06/image-5.png
✅ Success: /content/images/2023/06/image-6.png
✅ Success: /content/images/2023/06/image-8.png
✅ Success: /content/images/2023/06/image-9.png
✅ Success: /content/images/2023/06/image.png
✅ Success: /content/images/2023/06/Rider---Mock-Lambda-Tool.png
✅ Success: /content/images/2023/07/DynamoDB-Sparse-Index.png
✅ Success: /content/images/2023/07/DynamoDB-Table-Name-Conventions.png
✅ Success: /content/images/2023/07/DynamoDBContext-Indexes.png
✅ Success: /content/images/2023/07/image-1.png
✅ Success: /content/images/2023/07/image.png
✅ Success: /content/images/2023/08/DynamoDB-BatchDelete.png
✅ Success: /content/images/2023/08/DynamoDB-BatchGet.png
✅ Success: /content/images/2023/08/DynamoDB-BatchWrite.png
✅ Success: /content/images/2023/08/image-1.png
✅ Success: /content/images/2023/08/image-2.png
✅ Success: /content/images/2023/08/image.png
✅ Success: /content/images/2023/08/Lambda-Annotation-Framework---CRUD.png
✅ Success: /content/images/2023/08/Lambda-Annotation-Framework---Introduction.png
✅ Success: /content/images/2023/09/image.png
✅ Success: /content/images/2023/09/Lambda-Annotation-Framework---DI.png
✅ Success: /content/images/2023/10/Add-To-Apple-Wallet.png
✅ Success: /content/images/2023/10/Apple-Wallet-Push-Notifications.png
✅ Success: /content/images/2023/10/image-1.png
✅ Success: /content/images/2023/10/image-11.png
✅ Success: /content/images/2023/10/image-12.png
✅ Success: /content/images/2023/10/image-13.png
✅ Success: /content/images/2023/10/image-14.png
✅ Success: /content/images/2023/10/image-15.png
✅ Success: /content/images/2023/10/image-17.png
✅ Success: /content/images/2023/10/image-18.png
✅ Success: /content/images/2023/10/image-20.png
✅ Success: /content/images/2023/10/image-21.png
✅ Success: /content/images/2023/10/image-22.png
✅ Success: /content/images/2023/10/image-23.png
✅ Success: /content/images/2023/10/image-24.png
✅ Success: /content/images/2023/10/image-25.png
✅ Success: /content/images/2023/10/image-26.png
✅ Success: /content/images/2023/10/image-28.png
✅ Success: /content/images/2023/10/image-3.png
✅ Success: /content/images/2023/10/image-4.png
✅ Success: /content/images/2023/10/image-5.png
✅ Success: /content/images/2023/10/image-6.png
✅ Success: /content/images/2023/10/image-7.png
✅ Success: /content/images/2023/10/image-8.png
✅ Success: /content/images/2023/10/image-9.png
✅ Success: /content/images/2023/10/Lambda-Function-JetBrains-Rider---Deploy.png
✅ Success: /content/images/2023/10/Lambda-Function-JetBrains-Rider.png
✅ Success: /content/images/2023/10/Powertools---Tracing.png
✅ Success: /content/images/2023/10/scheduling-tasks-lambda.png
✅ Success: /content/images/2023/11/Lambda-Annotations-and-AWS-Services.png
✅ Success: /content/images/2023/11/Powertools---Idempotency.png
✅ Success: /content/images/2023/11/Powertools---Logging.png
✅ Success: /content/images/2023/11/Powertools---Metrics.png
✅ Success: /content/images/2023/12/DynamoDB-TTL.png
✅ Success: /content/images/2023/12/image-2.png
✅ Success: /content/images/2023/12/image-3-1.png
✅ Success: /content/images/2023/12/image-4.png
✅ Success: /content/images/2023/12/image-5.png
✅ Success: /content/images/2024/01/_Powertools---Batch.png
✅ Success: /content/images/2024/01/image-1.png
✅ Success: /content/images/2024/01/image-2.png
✅ Success: /content/images/2024/01/image-3.png
✅ Success: /content/images/2024/01/image-5.png
✅ Success: /content/images/2024/01/image.png
✅ Success: /content/images/2024/01/Powertools---Parameters.png
✅ Success: /content/images/2024/01/rabbit-mq-dotnet.png
✅ Success: /content/images/2024/01/rabbitmq-hello.gif
✅ Success: /content/images/2024/02/_RabbitMQ---ACK.png
✅ Success: /content/images/2024/02/image-1.png
✅ Success: /content/images/2024/02/image-2.png
✅ Success: /content/images/2024/02/image-3.png
✅ Success: /content/images/2024/02/image-6.png
✅ Success: /content/images/2024/02/image.png
✅ Success: /content/images/2024/02/RabbitMQ---Exchange.png
✅ Success: /content/images/2024/02/RabbitMQ---Message-Dispatching.png
✅ Success: /content/images/2024/03/Cancellation-Token-Practices-2.png
✅ Success: /content/images/2024/03/Cancellation-Token.png
✅ Success: /content/images/2024/03/image-1.png
✅ Success: /content/images/2024/03/image-2.png
✅ Success: /content/images/2024/03/image-3.png
✅ Success: /content/images/2024/03/image-4.png
✅ Success: /content/images/2024/03/RabbitMQ---Direct-Exchange.png
✅ Success: /content/images/2024/03/RabbitMQ---Fanout-Exchange.png
✅ Success: /content/images/2024/03/RabbitMQ-Fanout-Exchange.gif
✅ Success: /content/images/2024/04/image-1.png
✅ Success: /content/images/2024/04/image-2.png
✅ Success: /content/images/2024/04/image-3.png
✅ Success: /content/images/2024/04/image-4.png
✅ Success: /content/images/2024/04/image-5.png
✅ Success: /content/images/2024/04/image.png
✅ Success: /content/images/2024/04/RabbitMQ---Topic-Exchange.png
✅ Success: /content/images/2024/04/RABBITMQ-1.png
✅ Success: /content/images/2024/04/rabbitmq-topic-exchange-demo.gif
✅ Success: /content/images/2024/06/http-files.png
✅ Success: /content/images/2024/06/image-2.png
✅ Success: /content/images/2024/06/image-3.png
✅ Success: /content/images/2024/06/image.png
✅ Success: /content/images/2024/07/AsyncEnumerable--2-.png
✅ Success: /content/images/2024/07/EC2-ASP-NET.png
✅ Success: /content/images/2024/07/ECS-ASP-NET.png
✅ Success: /content/images/2024/07/Enable-S3-Versioning.png
✅ Success: /content/images/2024/07/image-1.png
✅ Success: /content/images/2024/07/image-10.png
✅ Success: /content/images/2024/07/image-11.png
✅ Success: /content/images/2024/07/image-12.png
✅ Success: /content/images/2024/07/image-14.png
✅ Success: /content/images/2024/07/image-15.png
✅ Success: /content/images/2024/07/image-17.png
✅ Success: /content/images/2024/07/image-18.png
✅ Success: /content/images/2024/07/image-19.png
✅ Success: /content/images/2024/07/image-2.png
✅ Success: /content/images/2024/07/image-20.png
✅ Success: /content/images/2024/07/image-21.png
✅ Success: /content/images/2024/07/image-22.png
✅ Success: /content/images/2024/07/image-23.png
✅ Success: /content/images/2024/07/image-24.png
✅ Success: /content/images/2024/07/image-25.png
✅ Success: /content/images/2024/07/image-26.png
✅ Success: /content/images/2024/07/image-27.png
✅ Success: /content/images/2024/07/image-3.png
✅ Success: /content/images/2024/07/image-4.png
✅ Success: /content/images/2024/07/image-5.png
✅ Success: /content/images/2024/07/image-6.png
✅ Success: /content/images/2024/07/image-7.png
✅ Success: /content/images/2024/07/image-8.png
✅ Success: /content/images/2024/07/Stream-Zip-Files-in-ASP-NET.png
✅ Success: /content/images/2024/08/Beanstalk---AWS-Toolkit--1-.png
✅ Success: /content/images/2024/08/Cancel-Button-Trap.png
✅ Success: /content/images/2024/08/DynamoDB-Transactions-2.png
✅ Success: /content/images/2024/08/Health-Checks-1.png
✅ Success: /content/images/2024/08/image-10-1.png
✅ Success: /content/images/2024/08/image-11.png
✅ Success: /content/images/2024/08/image-15.png
✅ Success: /content/images/2024/08/image-17.png
✅ Success: /content/images/2024/08/image-18.png
✅ Success: /content/images/2024/08/image-19.png
✅ Success: /content/images/2024/08/image-2.png
✅ Success: /content/images/2024/08/image-20.png
✅ Success: /content/images/2024/08/image-21.png
✅ Success: /content/images/2024/08/image-22.png
✅ Success: /content/images/2024/08/image-23.png
✅ Success: /content/images/2024/08/image-24.png
✅ Success: /content/images/2024/08/image-25.png
✅ Success: /content/images/2024/08/image-26.png
✅ Success: /content/images/2024/08/image-27.png
✅ Success: /content/images/2024/08/image-3.png
✅ Success: /content/images/2024/08/image-4.png
✅ Success: /content/images/2024/08/image-5.png
✅ Success: /content/images/2024/08/image-6.png
✅ Success: /content/images/2024/08/image-7.png
✅ Success: /content/images/2024/08/image-8.png
✅ Success: /content/images/2024/08/image-9.png
✅ Success: /content/images/2024/08/image.png
✅ Success: /content/images/2024/08/RDS-SQL-Server--1-.png
✅ Success: /content/images/2024/09/image-5.png
✅ Success: /content/images/2024/09/image-6.png
✅ Success: /content/images/2024/09/image-7.png
✅ Success: /content/images/2024/09/MassTransit---RabbitMQ.png
✅ Success: /content/images/2024/09/MassTransit-RabbitMQ-Queue-Topology.png
✅ Success: /content/images/2024/10/C--Yield-Statement.png
✅ Success: /content/images/2024/10/Copy-of-Amazon-S3-Versioning.png
✅ Success: /content/images/2024/10/image.png
✅ Success: /content/images/2024/11/AWS-CDK.png
✅ Success: /content/images/2024/11/AWS-Message-Processing-Fwk--1-.png
✅ Success: /content/images/2024/11/CDK-LocalStack.png
✅ Success: /content/images/2024/11/DynamoDB-Zero-ETL.png
✅ Success: /content/images/2024/11/image-1.png
✅ Success: /content/images/2024/11/image-10.png
✅ Success: /content/images/2024/11/image-11.png
✅ Success: /content/images/2024/11/image-12.png
✅ Success: /content/images/2024/11/image-13.png
✅ Success: /content/images/2024/11/image-15.png
✅ Success: /content/images/2024/11/image-16.png
✅ Success: /content/images/2024/11/image-17.png
✅ Success: /content/images/2024/11/image-18.png
✅ Success: /content/images/2024/11/image-2.png
✅ Success: /content/images/2024/11/image-3.png
✅ Success: /content/images/2024/11/image-4.png
✅ Success: /content/images/2024/11/image-6.png
✅ Success: /content/images/2024/11/image-7.png
✅ Success: /content/images/2024/11/image-9.png
✅ Success: /content/images/2024/11/image.png
✅ Success: /content/images/2024/11/Lambda-.NET-8.png
✅ Success: /content/images/2024/11/LocalStack.png
✅ Success: /content/images/2024/11/S3-Etags.png
✅ Success: /content/images/2024/12/CDK---GitHub-Actions.png
✅ Success: /content/images/2024/12/Dead-Letter-Queue.png
✅ Success: /content/images/2024/12/image-1.png
✅ Success: /content/images/2024/12/image-2.png
✅ Success: /content/images/2024/12/image.png
✅ Success: /content/images/2025/01/image-1.png
✅ Success: /content/images/2025/01/image-10.png
✅ Success: /content/images/2025/01/image-11.png
✅ Success: /content/images/2025/01/image-12.png
✅ Success: /content/images/2025/01/image-13.png
✅ Success: /content/images/2025/01/image-14.png
✅ Success: /content/images/2025/01/image-15.png
✅ Success: /content/images/2025/01/image-16.png
✅ Success: /content/images/2025/01/image-17.png
✅ Success: /content/images/2025/01/image-2.png
✅ Success: /content/images/2025/01/image-3.png
✅ Success: /content/images/2025/01/image-4.png
✅ Success: /content/images/2025/01/image-5.png
✅ Success: /content/images/2025/01/image-6.png
✅ Success: /content/images/2025/01/image-7.png
✅ Success: /content/images/2025/01/image-9.png
✅ Success: /content/images/2025/01/image.png
✅ Success: /content/images/2025/01/OpenSearch-.NET.png
✅ Success: /content/images/2025/02/Lambda-SnapStart-For-You-.png
✅ Success: /content/images/2025/02/Lambda-SnapStart.png
✅ Success: /content/images/2025/03/AWS-S3-Presigned-URLs.png
✅ Success: /content/images/2025/03/image-1.png
✅ Success: /content/images/2025/03/image-2.png
✅ Success: /content/images/2025/03/image.png
✅ Success: /content/images/2025/06/image.png
✅ Success: /content/images/2025/07/Copy-of-AWS-Bedrock.png
✅ Success: /content/images/2025/07/Copy-of-AWS-EC2-Build-Deploy-Pipeline--1-.png
✅ Success: /content/images/2025/07/image-1.png
✅ Success: /content/images/2025/07/image-11.png
✅ Success: /content/images/2025/07/image-3.png
✅ Success: /content/images/2025/07/image-4.png
✅ Success: /content/images/2025/07/image-5.png
✅ Success: /content/images/2025/07/image-7.png
✅ Success: /content/images/2025/07/image-8.png
✅ Success: /content/images/2025/07/image-9.png
✅ Success: /content/images/ad_add_user.png
✅ Success: /content/images/adobe_add_sign.png
✅ Success: /content/images/adobe_signature.png
✅ Success: /content/images/ahk_task_actions.png
✅ Success: /content/images/ahk_task_general.png
✅ Success: /content/images/ahk_task_trigger.png
✅ Success: /content/images/alarm_clock.jpg
✅ Success: /content/images/alarm.png
✅ Success: /content/images/aligning_code.png
✅ Success: /content/images/altnet_sydney_azurekeyvault.jpg
✅ Success: /content/images/am-i-good-enough.jpg
✅ Success: /content/images/amazon-s3-hierarchy-folder-structure.jpg
✅ Success: /content/images/amazon-s3-lambda-triggers-dotnet.jpg
✅ Success: /content/images/amazon-sns-create-topic.jpg
✅ Success: /content/images/amazon-sns-email-subscription.jpg
✅ Success: /content/images/amazon-sns-lambda-permissions.jpg
✅ Success: /content/images/amazon-sns-lambda-trigger.jpg
✅ Success: /content/images/amazon-sns-lambda-triggers-dotnet.jpg
✅ Success: /content/images/amazon-sns-subscription-dlq.jpg
✅ Success: /content/images/amazon-sns-subscription-filter-policy.jpg
✅ Success: /content/images/amazon-sns-to-lambda-or-sns-sqs-lambda-dotnet.jpg
✅ Success: /content/images/amazon-sns-topic-delivery-retry-policy.jpg
✅ Success: /content/images/amazon-sns.jpg
✅ Success: /content/images/amazon-sqs-create-queue.jpg
✅ Success: /content/images/amazon-sqs-dead-letter-queue.jpg
✅ Success: /content/images/amazon-sqs-lambda-trigger-exception-handling-dotnet.jpg
✅ Success: /content/images/amazon-sqs-lambda-triggers-dotnet.jpg
✅ Success: /content/images/amazon-sqs-receive-messages-console.jpg
✅ Success: /content/images/amsterdam_thehague.jpg
✅ Success: /content/images/andrik-langfield-ujx_KIIujRg-unsplash.jpg
✅ Success: /content/images/api-gateway-aws-console-create-http-api.jpg
✅ Success: /content/images/api-gateway-http-api-create-lambda-integration-post.jpg
✅ Success: /content/images/api-gateway-http-api-create-lambda-integration.jpg
✅ Success: /content/images/api-gateway-http-api-create-route.jpg
✅ Success: /content/images/api-gateway-http-api-create-stage.jpg
✅ Success: /content/images/api-gateway-http-api-edit-integrations-parameter-mapping.jpg
✅ Success: /content/images/api-gateway-http-api-lamba-permissions-add.jpg
✅ Success: /content/images/api-gateway-http-api-lambda-backend-publish.jpg
✅ Success: /content/images/api-gateway-http-api-lambda-integration-stage-specific.jpg
✅ Success: /content/images/api-gateway-http-api-parameter-mapping.jpg
✅ Success: /content/images/api-gateway-http-api-stage-variable.jpg
✅ Success: /content/images/api-gateway-http-api-supported-integrations.jpg
✅ Success: /content/images/api-gateway-lambda-authorizer-create.jpg
✅ Success: /content/images/api-gateway-lambda-authorizer-sample-api-request-postman.jpg
✅ Success: /content/images/api-gateway-lambda-authorizer-set-authorizer-for-method.jpg
✅ Success: /content/images/api-gateway-rest-api-configure-integration-request.jpg
✅ Success: /content/images/api-gateway-rest-api-configure-integration-response.jpg
✅ Success: /content/images/api-gateway-rest-api-configure-method-request.jpg
✅ Success: /content/images/api-gateway-rest-api-configure-method-response.jpg
✅ Success: /content/images/api-gateway-rest-api-create-integration.jpg
✅ Success: /content/images/api-gateway-rest-api-create-method.jpg
✅ Success: /content/images/api-gateway-rest-api-create-resource.jpg
✅ Success: /content/images/api-gateway-rest-api-create-stage.jpg
✅ Success: /content/images/api-gateway-rest-api-create.jpg
✅ Success: /content/images/api-gateway-rest-api-deploy-stages.jpg
✅ Success: /content/images/api-gateway-rest-api-deployment-history.jpg
✅ Success: /content/images/api-gateway-rest-api-lambda-proxy-lambda-environment-variable.jpg
✅ Success: /content/images/api-gateway-rest-api-lambda-proxy-lambda-iam-role-stage.jpg
✅ Success: /content/images/api-gateway-rest-api-lambda-proxy-lambda-iam-role.jpg
✅ Success: /content/images/api-gateway-rest-api-lambda-proxy-lambda-method-integration-request-stage-variables.jpg
✅ Success: /content/images/api-gateway-rest-api-lambda-proxy-lambda-method-integration-request.jpg
✅ Success: /content/images/api-gateway-rest-api-lambda-proxy-lambda-permissions.jpg
✅ Success: /content/images/api-gateway-rest-api-lambda-proxy-mock-lambda-test-tool.jpg
✅ Success: /content/images/api-gateway-rest-api-lambda-proxy-publish-lambda.jpg
✅ Success: /content/images/api-gateway-rest-api-lambda-proxy-stage-variables.jpg
✅ Success: /content/images/api-gateway-rest-api-lambda-proxy-stage.jpg
✅ Success: /content/images/api-gateway-rest-api-lambda-stage-permission.jpg
✅ Success: /content/images/arm_template.png
✅ Success: /content/images/asmspy_appveyor_addProject.png
✅ Success: /content/images/asmspy_appveyor_environment.png
✅ Success: /content/images/asmspy_choco.png
✅ Success: /content/images/asmspy_github_webhook.png
✅ Success: /content/images/asmspy.png
✅ Success: /content/images/asp_net_core_banner.png
✅ Success: /content/images/asymmetric_encryption.png
✅ Success: /content/images/authentication_id_provider_flow.jpg
✅ Success: /content/images/authentication_postman_request.jpg
✅ Success: /content/images/authy_preview.png
✅ Success: /content/images/authy.jpg
✅ Success: /content/images/autofixture.jpg
✅ Success: /content/images/aws_dynamodb_create_item_portal.jpg
✅ Success: /content/images/aws_dynamodb_create_table_portal.jpg
✅ Success: /content/images/aws_dynamodb_iam_user.jpg
✅ Success: /content/images/aws_dynamodb_sdk_overview.jpg
✅ Success: /content/images/aws_dynamodb_table_items_portal.jpg
✅ Success: /content/images/aws_dynamodb.jpg
✅ Success: /content/images/aws_labda_timeout.jpg
✅ Success: /content/images/aws_lambda_console.jpg
✅ Success: /content/images/aws_lambda_container_image.jpg
✅ Success: /content/images/aws_lambda_docker_ecr_image.jpg
✅ Success: /content/images/aws_lambda_docker_ecr.jpg
✅ Success: /content/images/aws_lambda_docker_publish_visual_studio_advanced_settings.jpg
✅ Success: /content/images/aws_lambda_docker_publish_visual_studio.jpg
✅ Success: /content/images/aws_lambda_docker_s3.jpg
✅ Success: /content/images/aws_lambda_permissions.jpg
✅ Success: /content/images/aws_lambda_s3_iam_permissions.jpg
✅ Success: /content/images/aws_lambda_s3_trigger.jpg
✅ Success: /content/images/aws_lambda_visual_studio_explorer.jpg
✅ Success: /content/images/aws_lambda.jpg
✅ Success: /content/images/aws_mock_lambda_tool.jpg
✅ Success: /content/images/aws_project_files.jpg
✅ Success: /content/images/aws_publish_log.jpg
✅ Success: /content/images/aws_publish_to_aws_lambda_1.jpg
✅ Success: /content/images/aws_publish_to_aws_lambda.jpg
✅ Success: /content/images/aws_select_blueprint.jpg
✅ Success: /content/images/aws_serverless_cloudformation_s3.jpg
✅ Success: /content/images/aws_serverless_publish_template_parameters.jpg
✅ Success: /content/images/aws_serverless_publish.jpg
✅ Success: /content/images/aws_serverless_refactor_entities.jpg
✅ Success: /content/images/aws_serverless_refactor_project_graph.jpg
✅ Success: /content/images/aws_serverless_refactor_project.jpg
✅ Success: /content/images/aws_serverless_refactor.jpg
✅ Success: /content/images/aws_serverless_stack_visual_studio.jpg
✅ Success: /content/images/aws_serverless_stack.jpg
✅ Success: /content/images/aws_serverless_template_blueprint.jpg
✅ Success: /content/images/aws_serverless_template_default_items.jpg
✅ Success: /content/images/aws_serverless_templates.jpg
✅ Success: /content/images/aws_serverless.jpg
✅ Success: /content/images/aws_toolkit_visual_studio.jpg
✅ Success: /content/images/aws-cloudwatch-log-comparison.jpg
✅ Success: /content/images/aws-cloudwatch-log-structured-filter.jpg
✅ Success: /content/images/aws-cloudwatch-logs-insights-multiple-log-groups.jpg
✅ Success: /content/images/aws-cloudwatch-logs-insights-saved-queries.jpg
✅ Success: /content/images/aws-cloudwatch-logs-insights.jpg
✅ Success: /content/images/aws-cloudwatch-logs-text-filter.jpg
✅ Success: /content/images/aws-credentials-aws-toolkit-sdk-store-windows.jpg
✅ Success: /content/images/aws-credentials-iam-console-admin-users.jpg
✅ Success: /content/images/aws-lambda-authorizer-dotnet.jpg
✅ Success: /content/images/aws-lambda-dynamodb-streams-trigger-dotnet.jpg
✅ Success: /content/images/aws-lambda-dynamodb-streams-trigger-exception-handling-dotnet.jpg
✅ Success: /content/images/aws-lambda-function-asynchronous-processing.jpg
✅ Success: /content/images/aws-lambda-sqs-trigger-add.jpg
✅ Success: /content/images/aws-lambda-sqs-trigger-configurations.jpg
✅ Success: /content/images/aws-lambda-sqs-trigger-execution-role.jpg
✅ Success: /content/images/aws-lambda-sqs-trigger-iam-policies.jpg
✅ Success: /content/images/aws-lambda-sqs-trigger-send-message.jpg
✅ Success: /content/images/aws-lambda-sqs-trigger.jpg
✅ Success: /content/images/aws-lambda-trigger-sqs-batch-item-failures.jpg
✅ Success: /content/images/aws-lambda-trigger-sqs-dead-letter-queue-messages-detail.jpg
✅ Success: /content/images/aws-lambda-trigger-sqs-dead-letter-queue-messages.jpg
✅ Success: /content/images/aws-lambda-trigger-sqs-dead-letter-queue-redrive.jpg
✅ Success: /content/images/aws-lambda-trigger-sqs-dead-letter-queue-setup.jpg
✅ Success: /content/images/aws-lambda-trigger-sqs-dead-letter-queue.jpg
✅ Success: /content/images/aws-lambda-trigger-sqs-exception-simulation.jpg
✅ Success: /content/images/aws-parameter-store-create-parameter.jpg
✅ Success: /content/images/aws-parameter-store-parameter-labels.jpg
✅ Success: /content/images/aws-parameter-store-parameter-types.jpg
✅ Success: /content/images/aws-parameter-store-parameter-version.jpg
✅ Success: /content/images/aws-secret-manage-new-secret-meta.jpg
✅ Success: /content/images/aws-secrets-manager-dotnet-application.jpg
✅ Success: /content/images/aws-secrets-manager-new-secret.jpg
✅ Success: /content/images/aws-secrets-manager-organize-secrets.jpg
✅ Success: /content/images/aws-sns-lambda-trigger-asynchronous-configuration.jpg
✅ Success: /content/images/aws-sns-lambda-trigger-cloudwatch-log.jpg
✅ Success: /content/images/aws-sns-lambda-trigger-concurrency-configuration-edit.jpg
✅ Success: /content/images/aws-sns-lambda-trigger-concurrency-configuration.jpg
✅ Success: /content/images/aws-sns-lambda-trigger-concurrent-executions-update.jpg
✅ Success: /content/images/aws-sns-lambda-trigger-concurrent-executions.jpg
✅ Success: /content/images/aws-sns-lambda-trigger-create.jpg
✅ Success: /content/images/aws-sns-lambda-trigger-message-spike.jpg
✅ Success: /content/images/aws-sns-lambda-trigger-publish-message.jpg
✅ Success: /content/images/aws-sns-lambda-trigger-sns-subscriptions.jpg
✅ Success: /content/images/aws-sns-lambda-trigger-subscription-configuration.jpg
✅ Success: /content/images/azure_ad_app_enable_access_token.jpg
✅ Success: /content/images/azure_ad_app_graph_api.jpg
✅ Success: /content/images/azure_ad_app_new_registration.jpg
✅ Success: /content/images/azure_ad_app_registration_details.jpg
✅ Success: /content/images/azure_ad_app_registration.jpg
✅ Success: /content/images/azure_ad_Groups.png
✅ Success: /content/images/azure_ad_user_assignment.jpg
✅ Success: /content/images/azure_ad_user_role_add.jpg
✅ Success: /content/images/azure_ad_user_role_error.jpg
✅ Success: /content/images/azure_devops_custom_agent_token.jpg
✅ Success: /content/images/azure_devops_remaining_build_minutes.png
✅ Success: /content/images/azure_devops_variables.jpg
✅ Success: /content/images/azure_devops_vdproj.jpg
✅ Success: /content/images/azure_devops_wix.jpg
✅ Success: /content/images/azure_function_create_new.jpg
✅ Success: /content/images/azure_function_iam_role_assignments.jpg
✅ Success: /content/images/azure_function_msi_add_to_ad_group.jpg
✅ Success: /content/images/azure_function_msi_on.jpg
✅ Success: /content/images/azure_function_msi.jpg
✅ Success: /content/images/azure_function_processing.jpg
✅ Success: /content/images/azure_function_publish_visual_studio.jpg
✅ Success: /content/images/azure_function_role_based_access.jpg
✅ Success: /content/images/azure_keyvault_secrets.jpg
✅ Success: /content/images/azure_powershell_installed.png
✅ Success: /content/images/azure_queue_iam_role_assignment.jpg
✅ Success: /content/images/azure_queue_storage_access_keys.jpg
✅ Success: /content/images/azure_queue_storage_new_message.jpg
✅ Success: /content/images/azure_sql_azure_ad_admin.jpg
✅ Success: /content/images/azure_storage_account_create_portal.jpg
✅ Success: /content/images/azure_storage_account_create_queue.jpg
✅ Success: /content/images/azure_storage_explorer.jpg
✅ Success: /content/images/azure-functions-lifetime-scopes.jpg
✅ Success: /content/images/azureAd_GraphApi_Permissions.png
✅ Success: /content/images/AzureAd_idToken.png
✅ Success: /content/images/AzureAd_schema_extension_optionalClaims.png
✅ Success: /content/images/azureFunction_addCertificate.png
✅ Success: /content/images/azureFunction_all.png
✅ Success: /content/images/azureFunction_AppSetting.png
✅ Success: /content/images/azureFunction_code.png
✅ Success: /content/images/azureFunction_create.png
✅ Success: /content/images/azureFunction_createFunction.png
✅ Success: /content/images/azureFunction_new.png
✅ Success: /content/images/azureFunction_newFunctionApp.png
✅ Success: /content/images/azureFunction_nuget.png
✅ Success: /content/images/azureFunction_PlatformFeatures.png
✅ Success: /content/images/azureFunction_run.png
✅ Success: /content/images/AzureGeneralSettings.jpg
✅ Success: /content/images/azurekeyvault_overview.png
✅ Success: /content/images/AzureKeyVaultConfigBuilder_config.png
✅ Success: /content/images/b2gc_2019_collage.jpg
✅ Success: /content/images/b2gc_2019.jpg
✅ Success: /content/images/balloon.jpg
✅ Success: /content/images/bearer_token_jwt_io.jpg
✅ Success: /content/images/beyond_compare.png
✅ Success: /content/images/Bing_wp_directions_text.jpg
✅ Success: /content/images/Bing_wp_place_search.jpg
✅ Success: /content/images/Bing_wp_route.jpg
✅ Success: /content/images/Bing_wp_simulator_geolocation.jpg
✅ Success: /content/images/blog_ci.png
✅ Success: /content/images/blog_frequency.png
✅ Success: /content/images/blog_https.png
✅ Success: /content/images/blog_ifttt.png
✅ Success: /content/images/blog_scheduled.png
✅ Success: /content/images/blog_ssl_certificate.png
✅ Success: /content/images/bloggingSchedule_john_email.png
✅ Success: /content/images/bloggingSchedule_writedaily.jpg
✅ Success: /content/images/blogtrigger_scheduler_url_error.png
✅ Success: /content/images/books_agilepatterns.jpg
✅ Success: /content/images/books_amillionthougts.jpg
✅ Success: /content/images/books_applyinguml.jpeg
✅ Success: /content/images/books_cleancode.jpg
✅ Success: /content/images/books_codecomplete.jpg
✅ Success: /content/images/books_collage.png
✅ Success: /content/images/books_ddd.jpg
✅ Success: /content/images/books_designpatterns.jpg
✅ Success: /content/images/books_dothework.jpg
✅ Success: /content/images/books_eatthatfrog.jpg
✅ Success: /content/images/books_eip.gif
✅ Success: /content/images/books_fourhourworkweek.jpg
✅ Success: /content/images/books_frameworkdesign.jpg
✅ Success: /content/images/books_goos.jpeg
✅ Success: /content/images/books_gtd.jpg
✅ Success: /content/images/books_mythicalmanmonth.jpg
✅ Success: /content/images/books_poeaa.jpg
✅ Success: /content/images/books_powerofhabit.jpg
✅ Success: /content/images/books_pragmaticprogrammer.jpg
✅ Success: /content/images/books_refactoring.jpg
✅ Success: /content/images/books_releaseit.jpg
✅ Success: /content/images/books_restinpractice.jpg
✅ Success: /content/images/books_rework.jpg
✅ Success: /content/images/books_sicp.jpg
✅ Success: /content/images/books_smarterfasterbetter.jpg
✅ Success: /content/images/books_superhumanbyhabit.jpg
✅ Success: /content/images/books_tdd.jpg
✅ Success: /content/images/books_thecompoundeffect.jpg
✅ Success: /content/images/books_thefirsttwentyhours.jpg
✅ Success: /content/images/books_thepassionateprogrammer.jpg
✅ Success: /content/images/books_thepomodorotechnique.jpg
✅ Success: /content/images/books_umldistilled.jpg
✅ Success: /content/images/books_warofart.jpg
✅ Success: /content/images/books_welc.jpg
✅ Success: /content/images/books_winfriendsandinfluenceprople.jpg
✅ Success: /content/images/books_xunit.jpg
✅ Success: /content/images/books_zenhabits.jpg
✅ Success: /content/images/bored.jpg
✅ Success: /content/images/brisbane_carseldine_market.jpg
✅ Success: /content/images/brisbane_eat_street.jpg
✅ Success: /content/images/brisbane_glasshouse_mountains.jpg
✅ Success: /content/images/brisbane_gold_coast.jpg
✅ Success: /content/images/brisbane_great_white_rock.jpg
✅ Success: /content/images/brisbane_lake_moogerah.jpg
✅ Success: /content/images/brisbane_mount_glorious.jpg
✅ Success: /content/images/brisbane_mt_coot_tha.jpg
✅ Success: /content/images/brisbane_nerima.jpg
✅ Success: /content/images/brisbane_noosa.jpg
✅ Success: /content/images/brisbane_springbrook.jpg
✅ Success: /content/images/brisbane_tamborine.jpg
✅ Success: /content/images/brisbane_tin_can_bay.jpg
✅ Success: /content/images/brisbane_venman.jpg
✅ Success: /content/images/buffer_share.png
✅ Success: /content/images/buffer.png
✅ Success: /content/images/build_automation.jpg
✅ Success: /content/images/bujo_monthly_habit_tracker.jpg
✅ Success: /content/images/bujo_monthly_habit_tracker3.jpg
✅ Success: /content/images/bujo_weekly_planning.jpg
✅ Success: /content/images/business_problem_automation.jpg
✅ Success: /content/images/camtasia_timeline.jpg
✅ Success: /content/images/canberra_tulip_festival.jpg
✅ Success: /content/images/capture.jpg
✅ Success: /content/images/certificate_exportable.png
✅ Success: /content/images/change.jpg
✅ Success: /content/images/checklist.jpg
✅ Success: /content/images/chocolatey.png
✅ Success: /content/images/chrome_hsts_preload.png
✅ Success: /content/images/chrome_https.png
✅ Success: /content/images/chrome_network_delay.png
✅ Success: /content/images/clal_new.png
✅ Success: /content/images/clal.png
✅ Success: /content/images/clean_architecture.jpg
✅ Success: /content/images/clickonce_publishsetting.png
✅ Success: /content/images/cloudflare_free_plan.png
✅ Success: /content/images/cloudflare_ssl_modes.png
✅ Success: /content/images/cmder.png
✅ Success: /content/images/code_formatting_git_hook_console.png
✅ Success: /content/images/code_formatting_git_hook_sourcetree.png
✅ Success: /content/images/code_sign_azure_devops_installer.jpg
✅ Success: /content/images/code_sign_azure_devops.jpg
✅ Success: /content/images/codeformatting_column_guide.png
✅ Success: /content/images/codeformatting_functionparameters_alignzoom.png
✅ Success: /content/images/codeformatting_functionparameters_naturalflowide.png
✅ Success: /content/images/codereview_friendly.png
✅ Success: /content/images/codereview_wtf.png
✅ Success: /content/images/coding.jpg
✅ Success: /content/images/coffee_campos.jpg
✅ Success: /content/images/coffs_harbour_dorrigo_skyway_lookout.jpg
✅ Success: /content/images/coffs_harbour_jetty_beach_toys.jpg
✅ Success: /content/images/coffs_harbour_nambucca_heads.jpg
✅ Success: /content/images/coffs_harbout_dorrigo_lookout.jpg
✅ Success: /content/images/composite_pattern_validation.png
✅ Success: /content/images/composite_pattern.png
✅ Success: /content/images/configuration_app_settings.jpg
✅ Success: /content/images/configuration_azure_app_settings.jpg
✅ Success: /content/images/configuration_azure_devops_app_settings_transform.jpg
✅ Success: /content/images/configuration_azure_devops_variables.jpg
✅ Success: /content/images/content-security-policy.png
✅ Success: /content/images/Cordova_Android.jpg
✅ Success: /content/images/Cordova_WP.jpg
✅ Success: /content/images/cors_bridge.jpg
✅ Success: /content/images/cors_browser_console_error.jpg
✅ Success: /content/images/cors_preflight_options_call.jpg
✅ Success: /content/images/cors_request_headers.jpg
✅ Success: /content/images/cors_url_structure.jpg
✅ Success: /content/images/cors.png
✅ Success: /content/images/cosmos_arm_parameters.jpg
✅ Success: /content/images/cosmos_arm_template_parameters.jpg
✅ Success: /content/images/cosmos_arm_template_resources.jpg
✅ Success: /content/images/cosmos_arm_template_vscode_new.jpg
✅ Success: /content/images/cosmos_emulator_build_error.jpg
✅ Success: /content/images/cosmos_emulator_linked_files.jpg
✅ Success: /content/images/cosmos_resource_model_hierarchy.jpg
✅ Success: /content/images/cqrs_pattern.jpg
✅ Success: /content/images/csp_report_uri_dashboard.png
✅ Success: /content/images/CustomDomain.jpg
✅ Success: /content/images/cycle_commuter.jpg
✅ Success: /content/images/cycle.jpg
✅ Success: /content/images/cypress_cra_jsonServer_folder_structure.jpg
✅ Success: /content/images/cypress_quotes.jpg
✅ Success: /content/images/cypress_react_json_server_typescript.jpg
✅ Success: /content/images/data_hotfix.jpg
✅ Success: /content/images/database_sync.jpg
✅ Success: /content/images/dbup_azure_pipelines_execute.jpg
✅ Success: /content/images/dbup_azure_pipelines_extract.jpg
✅ Success: /content/images/dbup_batches.png
✅ Success: /content/images/defaultazurecredential_environment_credential.jpg
✅ Success: /content/images/defensive_coding.jpg
✅ Success: /content/images/desk-setup.jpg
✅ Success: /content/images/devops_cra_release.jpg
✅ Success: /content/images/devops_create_react_app_thumbnail.png
✅ Success: /content/images/devops_create_react_app.jpg
✅ Success: /content/images/devops_variable_groups_key_vault_secrets.jpg
✅ Success: /content/images/devops_variable_groups_key_vault.jpg
✅ Success: /content/images/devops_webjob_pipeline_template.jpg
✅ Success: /content/images/devops_webjob_release_pipeline.jpg
✅ Success: /content/images/devops_webjob_release_stage.jpg
✅ Success: /content/images/devops_webjob.jpg
✅ Success: /content/images/digital_minimalism_books.jpg
✅ Success: /content/images/digital_minimalism_bujo.jpg
✅ Success: /content/images/digital_minimalism_phone_pickups.jpg
✅ Success: /content/images/digital_minimalism_screen_time_report.jpg
✅ Success: /content/images/diigo_export.jpg
✅ Success: /content/images/diigo_highlighting.jpg
✅ Success: /content/images/diigo_ios_mobile_browser_app.jpg
✅ Success: /content/images/diigo_outliner.jpg
✅ Success: /content/images/diigo.jpg
✅ Success: /content/images/distraction.jpg
✅ Success: /content/images/docker_ship.jpg
✅ Success: /content/images/doubleWrite_dll_conflict.jpg
❌ Failed: /content/images/doubleWrite_msbuildLogViewer.png
   URL: https://www.rahulpnath.com/content/images/doubleWrite_msbuildLogViewer.png
❌ Failed: /content/images/doubleWrite_proj_msbuildLogViewer.png
   URL: https://www.rahulpnath.com/content/images/doubleWrite_proj_msbuildLogViewer.png
✅ Success: /content/images/dual_monitor_layout.jpg
✅ Success: /content/images/dual_monitor_mac.jpg
✅ Success: /content/images/dual_monitor_mst.jpg
✅ Success: /content/images/dual_monitor_p2715q_display_settings.jpg
✅ Success: /content/images/dual_monitor_surface_display_settings.jpg
✅ Success: /content/images/dual_monitor_u2718q_display_settings.jpg
✅ Success: /content/images/dual_monitor.jpg
✅ Success: /content/images/dynamodb_local_docker_cli.jpg
✅ Success: /content/images/dynamodb_local_docker.jpg
✅ Success: /content/images/dynamodb_local_dynobase_scan.jpg
✅ Success: /content/images/dynamodb_local_dynobase.jpg
✅ Success: /content/images/dynamodb_local_nosql_workbench.jpg
✅ Success: /content/images/dynamodb_local_shared_docker_cli.jpg
✅ Success: /content/images/dynamodb-stream-add-lambda-trigger.jpg
✅ Success: /content/images/dynamodb-stream-details.jpg
✅ Success: /content/images/dynamodb-stream-enable-existing-table.jpg
✅ Success: /content/images/dynamodb-stream-enable-options.jpg
✅ Success: /content/images/dynamodb-stream-lambda-trigger-edit-configuration.jpg
✅ Success: /content/images/dynamodb-stream-lambda-trigger-filter.jpg
✅ Success: /content/images/dynamodb-stream-lambda-trigger-log.jpg
✅ Success: /content/images/dynamodb-stream-lambda-triggers.jpg
✅ Success: /content/images/dynamodb-stream-per-partition.jpg
✅ Success: /content/images/dynamodb-stream-sns-fanout.jpg
✅ Success: /content/images/dynamodb-streams-dotnet-lambda-trigger-exception-configuration.jpg
✅ Success: /content/images/electron_react.png
✅ Success: /content/images/electron.png
✅ Success: /content/images/exercism_feedback.jpg
✅ Success: /content/images/feedly_site.png
✅ Success: /content/images/fiddler_autoresponder.png
✅ Success: /content/images/fiddler_composer.png
✅ Success: /content/images/fiddler_delay.png
✅ Success: /content/images/fiddler_inspectors.png
✅ Success: /content/images/fiddler_latency.png
✅ Success: /content/images/fiddler.png
✅ Success: /content/images/finding_job_abroad.png
✅ Success: /content/images/flux_current.png
✅ Success: /content/images/flux_settings.png
✅ Success: /content/images/flux.jpg
✅ Success: /content/images/freelancing.jpg
✅ Success: /content/images/garmin_auto_lap_training_repeat.png
✅ Success: /content/images/garmin_auto_lap_training.png
✅ Success: /content/images/garmin_fenix_3hr.jpg
✅ Success: /content/images/gautham_cycling.jpg
✅ Success: /content/images/gautham.jpg
✅ Success: /content/images/geek_productivity.jpg
✅ Success: /content/images/getting_results_the_agile_way.jpg
✅ Success: /content/images/gift-yourself.jpg
✅ Success: /content/images/git_featurebranch_workflow.png
✅ Success: /content/images/git_gcm_location.png
✅ Success: /content/images/git_gcm.png
✅ Success: /content/images/gpg_decrypt.jpg
✅ Success: /content/images/gpg_help.jpg
✅ Success: /content/images/grammarly_facebook.png
✅ Success: /content/images/habit_loop.jpg
✅ Success: /content/images/habit.jpg
✅ Success: /content/images/happy_new_year_new.jpg
✅ Success: /content/images/happy_new_year.png
✅ Success: /content/images/haveibeenpwned.png
✅ Success: /content/images/headphone_rule.png
✅ Success: /content/images/hemingway.png
✅ Success: /content/images/how_to_create_zip_file_in_asp_net.jpg
✅ Success: /content/images/hp_dv4.png
✅ Success: /content/images/hsts_internal_redirect_scott.png
✅ Success: /content/images/hsts_preload_static_json.png
✅ Success: /content/images/hsts_tofu.png
✅ Success: /content/images/hsts_without_preload.png
✅ Success: /content/images/htc_mozart7_wp.jpg
✅ Success: /content/images/http_client_web.jpg
✅ Success: /content/images/http_succinctly.png
✅ Success: /content/images/httpclient_socket_exhausition.jpg
✅ Success: /content/images/httpclient_using_ihttpclientfactory.jpg
✅ Success: /content/images/https_csp_fiddler_rule_collector.png
✅ Success: /content/images/https_csp_fiddler_script.png
✅ Success: /content/images/https_next.png
✅ Success: /content/images/icon/favicon_144x144.png
✅ Success: /content/images/icon/logo-512x512-1.png
✅ Success: /content/images/icon/logo-512x512-10.png
✅ Success: /content/images/icon/logo-512x512-11.png
✅ Success: /content/images/icon/logo-512x512-12.png
✅ Success: /content/images/icon/logo-512x512-13.png
✅ Success: /content/images/icon/logo-512x512-14.png
✅ Success: /content/images/icon/logo-512x512-15.png
✅ Success: /content/images/icon/logo-512x512-16.png
✅ Success: /content/images/icon/logo-512x512-17.png
✅ Success: /content/images/icon/logo-512x512-18.png
✅ Success: /content/images/icon/logo-512x512-19.png
✅ Success: /content/images/icon/logo-512x512-2.png
✅ Success: /content/images/icon/logo-512x512-20.png
✅ Success: /content/images/icon/logo-512x512-21.png
✅ Success: /content/images/icon/logo-512x512-22.png
✅ Success: /content/images/icon/logo-512x512-23.png
✅ Success: /content/images/icon/logo-512x512-24.png
✅ Success: /content/images/icon/logo-512x512-25.png
✅ Success: /content/images/icon/logo-512x512-3.png
✅ Success: /content/images/icon/logo-512x512-4.png
✅ Success: /content/images/icon/logo-512x512-5.png
✅ Success: /content/images/icon/logo-512x512-6.png
✅ Success: /content/images/icon/logo-512x512-7.png
✅ Success: /content/images/icon/logo-512x512-8.png
✅ Success: /content/images/icon/logo-512x512-9.png
✅ Success: /content/images/ifttt_popular.png
✅ Success: /content/images/ifttt_recipe.png
✅ Success: /content/images/ifttt.png
✅ Success: /content/images/ikea_assembly_accessories.jpg
✅ Success: /content/images/ikea_components.jpg
✅ Success: /content/images/ikea_food.jpg
✅ Success: /content/images/ikea_packed.jpg
✅ Success: /content/images/ikea_self_serve_furniture_area.jpg
✅ Success: /content/images/ikea_tools.jpg
✅ Success: /content/images/indicKeyboard_changeKeyboard.png
✅ Success: /content/images/indicKeyboard_default.png
✅ Success: /content/images/indicKeyboard_enableIndicKeyboard.png
✅ Success: /content/images/indicKeyboard_malayalam.png
✅ Success: /content/images/indicKeyboard_playstore.png
✅ Success: /content/images/indicKeyboard_selected.png
✅ Success: /content/images/indicKeyboard_selectLanguage.png
✅ Success: /content/images/indicKeyboard_switch.png
✅ Success: /content/images/indickeyboard.png
✅ Success: /content/images/ioc_usefulness.png
✅ Success: /content/images/ios_screenshots_chrome_all_devices.jpg
✅ Success: /content/images/ios_screenshots_chrome_devices.jpg
✅ Success: /content/images/ios_screenshots_chrome.jpg
✅ Success: /content/images/ios_screenshots_devices.jpg
✅ Success: /content/images/ios_screenshots_iphone_xs_max_chrome.jpg
✅ Success: /content/images/ios_screenshots_options_chrome.jpg
✅ Success: /content/images/json_server.jpg
✅ Success: /content/images/jwt_authentication_signature_verification_fiddler.jpg
✅ Success: /content/images/key_vault_access_policies.jpg
✅ Success: /content/images/keyboard_shortcuts.jpg
✅ Success: /content/images/keychron_k2.jpg
✅ Success: /content/images/keyVault_connectedService_AccessPolicies.png
✅ Success: /content/images/keyVault_connectedService_createKeyVault.png
✅ Success: /content/images/keyVault_connectedService_requests.png
✅ Success: /content/images/keyVault_connectedService.png
✅ Success: /content/images/keyvault_getazurekeyvaultcertificate.png
✅ Success: /content/images/keyvault_managed_service_identity.png
✅ Success: /content/images/keyvault_secrets.jpg
✅ Success: /content/images/keyvault_task_azure_devops.jpg
✅ Success: /content/images/keyvaultportal_access_policy.png
✅ Success: /content/images/keyvaultportal_create_key_vault.png
✅ Success: /content/images/keyvaultportal_keyvault.png
✅ Success: /content/images/keyvaultportal_menu_option.png
✅ Success: /content/images/keyvaultportal_secretpermissions.png
✅ Success: /content/images/Kindle_Caliber.png
✅ Success: /content/images/kindle_email.jpg
✅ Success: /content/images/kindle_mobicreator_caliber.png
✅ Success: /content/images/kkeyvault_msi_tenantId.png
✅ Success: /content/images/known_errors.png
✅ Success: /content/images/kumon_books.png
✅ Success: /content/images/laptop_developer.jpg
✅ Success: /content/images/learning_books.jpg
✅ Success: /content/images/learning_code.jpg
✅ Success: /content/images/learning_continuosly.png
✅ Success: /content/images/learning.jpg
✅ Success: /content/images/logitech_mxmaster_customize.png
✅ Success: /content/images/logitech_mxmaster_software.png
✅ Success: /content/images/logitech_mxmaster.jpg
✅ Success: /content/images/logs.jpg
✅ Success: /content/images/losing-weight.jpg
✅ Success: /content/images/mcca_rahulpnath.png
✅ Success: /content/images/microsoft_mvp_azure_2020.jpg
✅ Success: /content/images/migrate_hugo_to_gatsby_analytics_gotcha.jpg
✅ Success: /content/images/migrate_hugo_to_gatsby_netlify.jpg
✅ Success: /content/images/migrate_hugo_to_gatsby.jpg
✅ Success: /content/images/mobicreator.png
✅ Success: /content/images/morning_routine_MIT.png
✅ Success: /content/images/morning_routine.jpg
✅ Success: /content/images/morning-sunshine.jpg
✅ Success: /content/images/morningroutine_slow_down.jpg
✅ Success: /content/images/msdn_magazine_sep_2015.jpg
✅ Success: /content/images/msi_azure_graph_api.jpg
✅ Success: /content/images/msshrtmi_fuslogvw.png
✅ Success: /content/images/msshrtmi_load_error.png
✅ Success: /content/images/msshrtmi_prefer32bit.png
✅ Success: /content/images/msshrtmi_task_manager.png
✅ Success: /content/images/multiple_ad_application.png
✅ Success: /content/images/multiple-projects.jpg
✅ Success: /content/images/multitasking.jpg
✅ Success: /content/images/mutation.png
✅ Success: /content/images/MVVM_Knockoutjs.jpg
✅ Success: /content/images/ndc_logo.png
✅ Success: /content/images/ndc_ploeh.jpg
✅ Success: /content/images/ndc_raspberrypi.jpg
✅ Success: /content/images/ndc_security_conference.jpg
✅ Success: /content/images/ndc_security_food_location.jpg
✅ Success: /content/images/ndc_security_hyf.jpg
✅ Success: /content/images/ndc_security.jpg
✅ Success: /content/images/ndc_sydney_2017.png
✅ Success: /content/images/net_core_octopus_deploy_process.png
✅ Success: /content/images/net_core_teamcity_build_steps.png
✅ Success: /content/images/net_core_teamcity.png
✅ Success: /content/images/net_pdf.jpg
✅ Success: /content/images/new_year.jpg
✅ Success: /content/images/newline_diff.png
✅ Success: /content/images/newline_dotpeek.png
✅ Success: /content/images/nodejs_keyvault.png
✅ Success: /content/images/noisli_favorite.png
✅ Success: /content/images/nokia_n95_review.jpg
✅ Success: /content/images/not_restful.png
✅ Success: /content/images/notes.jpg
✅ Success: /content/images/nuget_package_sources.png
✅ Success: /content/images/oauth_500px_application_details.png
✅ Success: /content/images/oauth_500px_authentication.png
✅ Success: /content/images/octopress_to_hugo_files.png
✅ Success: /content/images/office_lens.png
✅ Success: /content/images/offlinelife_chrome_game.gif
✅ Success: /content/images/offlinelife_reading.png
✅ Success: /content/images/offlinelife_trips.png
✅ Success: /content/images/offlinelife.png
✅ Success: /content/images/Outlook_folders_productivity.png
✅ Success: /content/images/PageInsights.png
✅ Success: /content/images/pain_net_screen.png
✅ Success: /content/images/paint_net.png
✅ Success: /content/images/password_manager.jpg
✅ Success: /content/images/paste_with_formatting.png
✅ Success: /content/images/paste_without_formatting.png
✅ Success: /content/images/pdf_generation_flow.png
✅ Success: /content/images/pdf_generation.png
✅ Success: /content/images/pdf_sign.png
✅ Success: /content/images/pdf_signature.png
✅ Success: /content/images/pdf_signed.png
✅ Success: /content/images/pfx_security.jpg
✅ Success: /content/images/piggy-bank.jpg
✅ Success: /content/images/pixel.png
✅ Success: /content/images/pnggauntlet.png
✅ Success: /content/images/pocket.jpg
✅ Success: /content/images/pomodoro_habit_tracker.png
✅ Success: /content/images/pomodoro_plan.png
✅ Success: /content/images/pomodoro_todoist_inbox.png
✅ Success: /content/images/port_macquarie.jpg
✅ Success: /content/images/PortalQuickglance.jpg
✅ Success: /content/images/PortalQuickglance1.jpg
✅ Success: /content/images/postman_chaining_requests.png
✅ Success: /content/images/postman_collection_runner.png
✅ Success: /content/images/postman_collections.png
✅ Success: /content/images/postman_environment.png
✅ Success: /content/images/postman_published.png
✅ Success: /content/images/postman_request.png
✅ Success: /content/images/postman_tests.png
✅ Success: /content/images/powershell_azurermcontext.png
✅ Success: /content/images/preloaded_content_explorer.png
✅ Success: /content/images/preloaded_content_t4_template.jpg
✅ Success: /content/images/preloaded_content_Visual_studio.png
✅ Success: /content/images/preloaded_content_vs_refresh.png
✅ Success: /content/images/prettier.png
✅ Success: /content/images/productivity.jpg
✅ Success: /content/images/q1_2021_content_calendar_review.jpg
✅ Success: /content/images/q1_2021_fitness_review.jpg
✅ Success: /content/images/q1_2021_goals_review.jpg
✅ Success: /content/images/q1_2021_goals.jpg
✅ Success: /content/images/q1_2022_goals.jpg
✅ Success: /content/images/q2_2021_content_calendar_review.jpg
✅ Success: /content/images/q2_2021_goals_review.jpg
✅ Success: /content/images/q2_2021_goals.jpg
✅ Success: /content/images/q3_2021_goals.jpg
✅ Success: /content/images/quarter_review.jpg
✅ Success: /content/images/question.jpg
✅ Success: /content/images/queue.jpg
✅ Success: /content/images/rampup_plan.png
✅ Success: /content/images/random_data.jpg
✅ Success: /content/images/rbac_assignment_scopes.png
✅ Success: /content/images/react_realtime_edits.gif
✅ Success: /content/images/react_vscode_intellisense.png
✅ Success: /content/images/readable_code.jpg
✅ Success: /content/images/readingEggs_Levels.jpg
✅ Success: /content/images/readingEggs.jpg
✅ Success: /content/images/refactoring.jpg
✅ Success: /content/images/remote_debug_firewall_Rules.jpg
✅ Success: /content/images/remote_debug_firewallRules.jpg
✅ Success: /content/images/remote_debug_running.jpg
✅ Success: /content/images/remote_debug_visualstudio.jpg
✅ Success: /content/images/remote_debug_vm_azure_portal.jpg
✅ Success: /content/images/rescuetime_edit_activity.png
✅ Success: /content/images/rescuetime.png
✅ Success: /content/images/reset.jpg
✅ Success: /content/images/resource_group_permission.png
✅ Success: /content/images/restart.png
✅ Success: /content/images/rolling.jpg
✅ Success: /content/images/runbook_add_Module.png
✅ Success: /content/images/runbook_create.png
✅ Success: /content/images/runbook_run_as_accounts.png
✅ Success: /content/images/running_forerunner630.jpg
✅ Success: /content/images/running_garmin_workout.jpg
✅ Success: /content/images/running_half_marathon.jpg
✅ Success: /content/images/running_runtastic_certificate.png
✅ Success: /content/images/running_runtastic_results.png
✅ Success: /content/images/running.jpg
✅ Success: /content/images/s3-add-lambda-trigger-configuration.jpg
✅ Success: /content/images/s3-add-lambda-trigger-create.jpg
✅ Success: /content/images/s3-add-lambda-trigger.jpg
✅ Success: /content/images/s3-lambda-asynchronous-invocation-configuration-edit.jpg
✅ Success: /content/images/s3-lambda-asynchronous-invocation-configuration.jpg
✅ Success: /content/images/s3-lambda-iam-permissions.jpg
✅ Success: /content/images/s3-trigger-lambda-invoke-permission.jpg
✅ Success: /content/images/scenario_selector_local_storage.jpg
✅ Success: /content/images/scenario_selector_ui_form.jpg
✅ Success: /content/images/scheduling_jobs.jpg
✅ Success: /content/images/screencast_microphone_rode.jpg
✅ Success: /content/images/screencast_slides_multidevice.jpg
✅ Success: /content/images/scrum_framework.png
✅ Success: /content/images/scrum_values.png
✅ Success: /content/images/secret.jpg
✅ Success: /content/images/secure-key.jpg
✅ Success: /content/images/secure-padlock.jpg
✅ Success: /content/images/security_lock.jpg
✅ Success: /content/images/security.jpg
✅ Success: /content/images/sensitiveData_azure_app_settings.png
✅ Success: /content/images/sensitiveData_releaseManagement_tool_octopus.png
✅ Success: /content/images/sensitivedata_source_control.png
✅ Success: /content/images/service_management_adAccess.png
✅ Success: /content/images/share_and_inspire_chat.png
✅ Success: /content/images/share_and_inspire.jpg
✅ Success: /content/images/sharing.jpg
✅ Success: /content/images/signing_verification.png
✅ Success: /content/images/size/w256h256/2022/10/logo-512x512.png
✅ Success: /content/images/snagit.gif
✅ Success: /content/images/sns-sqs-access-policy.jpg
✅ Success: /content/images/sns-sqs-create-subscription.jpg
✅ Success: /content/images/social_media.jpg
✅ Success: /content/images/spigen_pixel.png
✅ Success: /content/images/squoosh.jpg
✅ Success: /content/images/sri_browser.png
✅ Success: /content/images/sri_redux.png
✅ Success: /content/images/sri.png
✅ Success: /content/images/start-today.jpg
✅ Success: /content/images/sticky_notes.jpg
✅ Success: /content/images/storage-box.jpg
✅ Success: /content/images/strawberyy_picking.jpg
✅ Success: /content/images/strong_code_contracts.jpg
✅ Success: /content/images/suarez_world_cup_2010.jpg
✅ Success: /content/images/sydney_trip_fitzroy_falls.jpg
✅ Success: /content/images/sydney_trip_gpd.png
✅ Success: /content/images/sydney_trip_illawara.png
✅ Success: /content/images/sydney_trip_morriset_park.png
✅ Success: /content/images/sydney_work.jpg
✅ Success: /content/images/symmetric_encryption.png
❌ Failed: /content/images/taskList_customize.png
   URL: https://www.rahulpnath.com/content/images/taskList_customize.png
✅ Success: /content/images/taskList.png
✅ Success: /content/images/test_data.jpg
✅ Success: /content/images/test_feedback.png
✅ Success: /content/images/testing.jpg
✅ Success: /content/images/textediting_convert_case.png
✅ Success: /content/images/textediting_extract_data.png
✅ Success: /content/images/textediting_split_combine.jpg
✅ Success: /content/images/tfvc_local_git.png
✅ Success: /content/images/three_sisters_blue_mountains.jpg
✅ Success: /content/images/timezone.jpg
✅ Success: /content/images/todoist_logo.jpg
✅ Success: /content/images/todoist_templates.png
✅ Success: /content/images/todoist.png
✅ Success: /content/images/toggl_reminder.jpg
✅ Success: /content/images/toggl.jpg
✅ Success: /content/images/tomighty.png
✅ Success: /content/images/tools.jpg
✅ Success: /content/images/touch_typing.gif
✅ Success: /content/images/tsc_options.png
✅ Success: /content/images/twitter.jpg
✅ Success: /content/images/typescript_sum_types.jpg
✅ Success: /content/images/TypeScript.gif
✅ Success: /content/images/typewriter.jpg
✅ Success: /content/images/ucwa_createapp.png
✅ Success: /content/images/ucwa_wp_loggedIn_details.png
✅ Success: /content/images/ucwa_wp_login.png
✅ Success: /content/images/ultralearning.jpg
✅ Success: /content/images/url.jpg
✅ Success: /content/images/vanguard_uprise45_review.png
✅ Success: /content/images/vaultexpiry_key.png
✅ Success: /content/images/verify_signature.png
✅ Success: /content/images/virtual_desktop.png
✅ Success: /content/images/visualstudio_camelcasematching.png
✅ Success: /content/images/visualstudio_code_navigation.png
✅ Success: /content/images/visualstudio_goto.png
✅ Success: /content/images/visualstudio_moveselectedlines.gif
✅ Success: /content/images/visualstudio_quicklaunch_keyboardShortcuts.png
✅ Success: /content/images/visualstudio_quicklaunch_zoomed.png
✅ Success: /content/images/visualstudio_quicklaunch.png
✅ Success: /content/images/visualstudio_trackActiveItem.png
✅ Success: /content/images/vs_azure_service_authentication.jpg
✅ Success: /content/images/vs_debug_not_working.png
✅ Success: /content/images/vs_dev_essentials.png
✅ Success: /content/images/vs_testExplorer_playlist.png
✅ Success: /content/images/vs_testExplorer_traits.png
✅ Success: /content/images/vs_tre.png
✅ Success: /content/images/vscode_jsconfig_balloon.png
✅ Success: /content/images/web_api_authentication_vs_template.png
✅ Success: /content/images/web_api_controller_scaffolding_dialog.png
✅ Success: /content/images/web_api_default_template_welcome_screen.png
✅ Success: /content/images/web_api_method_definitions.png
✅ Success: /content/images/web_api_request_headers_fiddler.png
✅ Success: /content/images/web_api_request_response_fiddler.png
✅ Success: /content/images/web_api_response_fiddler.png
✅ Success: /content/images/web_api_visual_studio_template.png
✅ Success: /content/images/web_app_with_web_job_publish_build_task.jpg
✅ Success: /content/images/web_app_with_web_job_release_pipeline_overview.jpg
✅ Success: /content/images/web_app_with_web_job_release_pipeline.jpg
✅ Success: /content/images/web_app_with_web_job_release_variables.jpg
✅ Success: /content/images/web_app_with_web_job_resources_azure_portal.jpg
✅ Success: /content/images/web_app_with_web_job.jpg
✅ Success: /content/images/weight_diet.jpg
✅ Success: /content/images/weight_running.jpg
✅ Success: /content/images/windows_terminal_custom_alias.jpg
✅ Success: /content/images/windows_terminal_toggle.jpg
✅ Success: /content/images/windows_terminal.jpg
✅ Success: /content/images/windows8_dropdown_button_plain.png
✅ Success: /content/images/windows8_dropdown_button.png
✅ Success: /content/images/windows8_incremental_loading.png
✅ Success: /content/images/wlw_https_error.jpg
✅ Success: /content/images/working_constraints.png
✅ Success: /content/images/wp_applicationbar_icon_mvvm.png
✅ Success: /content/images/wp_incremental_loading_longlistselector.jpg
✅ Success: /content/images/wp_incremental_loading_scrollstates.jpg
✅ Success: /content/images/WP_IncrementalLoading.png
✅ Success: /content/images/wp_jumplist_groups.png
✅ Success: /content/images/wp_jumplist_items.png
✅ Success: /content/images/WP-JetImagLoader.png
✅ Success: /content/images/wp7_application_model.png
✅ Success: /content/images/write_book_on_the_side.jpg
✅ Success: /content/images/writing-online.jpg
❌ Failed: /content/images/yo_ko_app.png
   URL: https://www.rahulpnath.com/content/images/yo_ko_app.png
✅ Success: /content/images/yo_ko_structure.png
✅ Success: /content/images/yo_ko.png
✅ Success: /content/images/youtube_planner.jpg
✅ Success: /content/images/youtube-setup-2022-may.jpg
✅ Success: /content/images/yslow.png
